################################################################################
#
# This file has been generated by SpyGlass:
#     Report Created by: icvm
#     Report Created on: Fri Dec  6 02:19:04 2024
#     Working Directory: /home/icvm/my_prj/risXv/spyglass
#     Report Location  : ./spyglass-1/lint/lint_rtl_enhanced/spyglass_reports/openmore/CombLoopReport.rpt
#     SpyGlass Version : SpyGlass_vT-2022.06-1
#     Policy Name      : openmore(SpyGlass_vT-2022.06-1)
#     Comment          : CombLoopReport : Combloop Detail Message Report

#
################################################################################


===============================CombLoop Message report============================================

SNO     FILE                      LINE            Message                                           

==================================================================================================
1       ../src/mms/plru.sv        179             plru_32.plru_d[p0]-plru_32.<synth_gen_net>        

2       ../src/mms/plru.sv        184             plru_32.plru_d[p1][1]-plru_32.<synth_gen_net>     

3       ../src/mms/plru.sv        184             plru_32.plru_d[p1][0]-plru_32.<synth_gen_net>     

4       ../src/mms/plru.sv        189             plru_32.plru_d[p2][3]-plru_32.<synth_gen_net>     

5       ../src/mms/plru.sv        189             plru_32.plru_d[p2][2]-plru_32.<synth_gen_net>     

6       ../src/mms/plru.sv        189             plru_32.plru_d[p2][1]-plru_32.<synth_gen_net>     

7       ../src/mms/plru.sv        189             plru_32.plru_d[p2][0]-plru_32.<synth_gen_net>     

8       ../src/mms/plru.sv        194             plru_32.plru_d[p3][7]-plru_32.<synth_gen_net>     

9       ../src/mms/plru.sv        194             plru_32.plru_d[p3][6]-plru_32.<synth_gen_net>     

10      ../src/mms/plru.sv        194             plru_32.plru_d[p3][5]-plru_32.<synth_gen_net>     

11      ../src/mms/plru.sv        194             plru_32.plru_d[p3][4]-plru_32.<synth_gen_net>     

12      ../src/mms/plru.sv        194             plru_32.plru_d[p3][3]-plru_32.<synth_gen_net>     

13      ../src/mms/plru.sv        194             plru_32.plru_d[p3][2]-plru_32.<synth_gen_net>     

14      ../src/mms/plru.sv        194             plru_32.plru_d[p3][1]-plru_32.<synth_gen_net>     

15      ../src/mms/plru.sv        194             plru_32.plru_d[p3][0]-plru_32.<synth_gen_net>     

16      ../src/mms/plru.sv        199             plru_32.plru_d[p4][15]-plru_32.<synth_gen_net>    

17      ../src/mms/plru.sv        199             plru_32.plru_d[p4][14]-plru_32.<synth_gen_net>    

18      ../src/mms/plru.sv        199             plru_32.plru_d[p4][13]-plru_32.<synth_gen_net>    

19      ../src/mms/plru.sv        199             plru_32.plru_d[p4][12]-plru_32.<synth_gen_net>    

20      ../src/mms/plru.sv        199             plru_32.plru_d[p4][11]-plru_32.<synth_gen_net>    

21      ../src/mms/plru.sv        199             plru_32.plru_d[p4][10]-plru_32.<synth_gen_net>    

22      ../src/mms/plru.sv        199             plru_32.plru_d[p4][9]-plru_32.<synth_gen_net>     

23      ../src/mms/plru.sv        199             plru_32.plru_d[p4][8]-plru_32.<synth_gen_net>     

24      ../src/mms/plru.sv        199             plru_32.plru_d[p4][7]-plru_32.<synth_gen_net>     

25      ../src/mms/plru.sv        199             plru_32.plru_d[p4][6]-plru_32.<synth_gen_net>     

26      ../src/mms/plru.sv        199             plru_32.plru_d[p4][5]-plru_32.<synth_gen_net>     

27      ../src/mms/plru.sv        199             plru_32.plru_d[p4][4]-plru_32.<synth_gen_net>     

28      ../src/mms/plru.sv        199             plru_32.plru_d[p4][3]-plru_32.<synth_gen_net>     

29      ../src/mms/plru.sv        199             plru_32.plru_d[p4][2]-plru_32.<synth_gen_net>     

30      ../src/mms/plru.sv        199             plru_32.plru_d[p4][1]-plru_32.<synth_gen_net>     

31      ../src/mms/plru.sv        199             plru_32.plru_d[p4][0]-plru_32.<synth_gen_net>     

