
################################################################################
#
# This file has been generated by SpyGlass:
#     Report Name      : no_msg_reporting_rules
#     Report Created by: icvm
#     Report Created on:  Fri Dec  6 02:19:23 2024
#     Working Directory: /home/icvm/my_prj/risXv/spyglass
#     SpyGlass Version : SpyGlass_vT-2022.06-1
#     Policy Name      : SpyGlass(SpyGlass_vT-2022.06-1)
#                        clock-reset(SpyGlass_vT-2022.06-1)
#                        lint(SpyGlass_vT-2022.06-1)
#                        morelint(SpyGlass_vT-2022.06-1)
#                        power_est(SpyGlass_vT-2022.06-1)
#                        txv(SpyGlass_vT-2022.06-1)
#
#     Total Number of Generated Messages :         13
#     Number of Waived Messages          :          0
#     Number of Reported Messages        :         13
#     Number of Overlimit Messages       :          0
#
#
################################################################################

NO VIOLATION RULE REPORT :
++++++++++++++++++++++++++++++++++++++++++++++++++++++++++++++++++++++++++++++++

There are no rules which produce zero violation or completely waived off during spyglass run.

++++++++++++++++++++++++++++++++++++++++++++++++++++++++++++++++++++++++++++++++
