
################################################################################
#
# This file has been generated by SpyGlass:
#     Report Name      : moresimple
#     Report Created by: icvm
#     Report Created on:  Fri Dec  6 02:15:04 2024
#     Working Directory: /home/icvm/my_prj/risXv/spyglass
#     SpyGlass Version : SpyGlass_vT-2022.06-1
#     Policy Name      : SpyGlass(SpyGlass_vT-2022.06-1)
#                        clock-reset(SpyGlass_vT-2022.06-1)
#                        morelint(SpyGlass_vT-2022.06-1)
#                        power_est(SpyGlass_vT-2022.06-1)
#                        txv(SpyGlass_vT-2022.06-1)
#
#     Total Number of Generated Messages :         12
#     Number of Waived Messages          :          0
#     Number of Reported Messages        :         12
#     Number of Overlimit Messages       :          0
#
#
################################################################################

+++++++++++++++++++++++++++++++++++++++++++++++++++++++++++++++++++++++
MORESIMPLE REPORT:


############### BuiltIn -> RuleGroup=Design Read ###############
+++++++++++++++++++++++++++++++++++++++++++++++++++++++++++++++++++++++++++++++++++++++
ID       Rule                    Alias                   Severity            File                                                                   Line    Wt      Message
======================================================================================
[1]      DetectTopDesignUnits    DetectTopDesignUnits    Info                ../src/mms/plru.sv                                                     2       2       Module plru_32 is a top level design unit
[2]      SYNTH_5037                                      SynthesisWarning    ../src/mms/plru.sv                                                     123     1000    plru_32 -> Statement unreachable (Branch condition "32'b00000000000000000000000000000010" impossible to meet)
[3]      SYNTH_5037                                      SynthesisWarning    ../src/mms/plru.sv                                                     124     1000    plru_32 -> Statement unreachable (Branch condition "32'b00000000000000000000000000000100" impossible to meet)
[4]      SYNTH_5037                                      SynthesisWarning    ../src/mms/plru.sv                                                     125     1000    plru_32 -> Statement unreachable (Branch condition "32'b00000000000000000000000000001000" impossible to meet)
[5]      SYNTH_5037                                      SynthesisWarning    ../src/mms/plru.sv                                                     126     1000    plru_32 -> Statement unreachable (Branch condition "32'b00000000000000000000000000010000" impossible to meet)
[6]      SYNTH_5037                                      SynthesisWarning    ../src/mms/plru.sv                                                     127     1000    plru_32 -> Statement unreachable (Branch condition "32'b00000000000000000000000000100000" impossible to meet)
[7]      SYNTH_5037                                      SynthesisWarning    ../src/mms/plru.sv                                                     128     1000    plru_32 -> Statement unreachable (Branch condition "32'b00000000000000000000000001000000" impossible to meet)
[8]      SYNTH_5037                                      SynthesisWarning    ../src/mms/plru.sv                                                     129     1000    plru_32 -> Statement unreachable (Branch condition "32'b00000000000000000000000010000000" impossible to meet)
[9]      SYNTH_5037                                      SynthesisWarning    ../src/mms/plru.sv                                                     130     1000    plru_32 -> Statement unreachable (Branch condition "32'b00000000000000000000000100000000" impossible to meet)
[A]      SYNTH_5037                                      SynthesisWarning    ../src/mms/plru.sv                                                     131     1000    plru_32 -> Statement unreachable (Branch condition "32'b00000000000000000000001000000000" impossible to meet)
[B]      SYNTH_5037                                      SynthesisWarning    ../src/mms/plru.sv                                                     132     1000    plru_32 -> Statement unreachable (Branch condition "32'b00000000000000000000010000000000" impossible to meet)
[0]      ElabSummary             ElabSummary             Info                ./spyglass-1/Design_Read/spyglass_reports/SpyGlass/elab_summary.rpt    0       2       Please refer file './spyglass-1/Design_Read/spyglass_reports/SpyGlass/elab_summary.rpt' for elab summary report
+++++++++++++++++++++++++++++++++++++++++++++++++++++++++++++++++++++++++++++++++++++++
