
################################################################################
#
# This file has been generated by SpyGlass:
#     Report Name      : moresimple
#     Report Created by: icvm
#     Report Created on: Fri Dec  6 02:19:12 2024
#     Working Directory: /home/icvm/my_prj/risXv/spyglass
#     SpyGlass Version : SpyGlass_vT-2022.06-1
#     Policy Name      : SpyGlass(SpyGlass_vT-2022.06-1)
#                        clock-reset(SpyGlass_vT-2022.06-1)
#                        erc(SpyGlass_vT-2022.06-1)
#                        latch(SpyGlass_vT-2022.06-1)
#                        lint(SpyGlass_vT-2022.06-1)
#                        morelint(SpyGlass_vT-2022.06-1)
#                        openmore(SpyGlass_vT-2022.06-1)
#                        power_est(SpyGlass_vT-2022.06-1)
#                        simulation(SpyGlass_vT-2022.06-1)
#                        starc(SpyGlass_vT-2022.06-1)
#                        starc2005(SpyGlass_vT-2022.06-1)
#                        txv(SpyGlass_vT-2022.06-1)
#
#     Total Number of Generated Primary Messages   :         16
#     Total Number of Generated Secondary Messages :         63
#     Number of Waived Primary Messages            :          0
#     Number of Waived Secondary Messages          :          0
#     Number of Reported Primary Messages          :         16
#     Number of Overlimit Messages                 :          0
#
#
################################################################################

++++++++++++++++++++++++++++++++++++++++++++++++++++++++++++++++++++++++++++++++++++++++++++++++++++++++++++++++
MORESIMPLE REPORT:


############### BuiltIn -> RuleGroup=Design Read ###############
++++++++++++++++++++++++++++++++++++++++++++++++++++++++++++++++++++++++++++++++++++++++++++++++++++++++++++++++++++++++
ID       Rule                    Alias                   Severity            File                                                                           Line    Wt      Secondary Msg Count    Message
========================================================================================================================
[2]      DetectTopDesignUnits    DetectTopDesignUnits    Info                ../src/mms/plru.sv                                                             2       2       NA                     Module plru_32 is a top level design unit
[25]     SYNTH_5037                                      SynthesisWarning    ../src/mms/plru.sv                                                             123     1000    NA                     plru_32 -> Statement unreachable (Branch condition "32'b00000000000000000000000000000010" impossible to meet)
[26]     SYNTH_5037                                      SynthesisWarning    ../src/mms/plru.sv                                                             124     1000    NA                     plru_32 -> Statement unreachable (Branch condition "32'b00000000000000000000000000000100" impossible to meet)
[27]     SYNTH_5037                                      SynthesisWarning    ../src/mms/plru.sv                                                             125     1000    NA                     plru_32 -> Statement unreachable (Branch condition "32'b00000000000000000000000000001000" impossible to meet)
[28]     SYNTH_5037                                      SynthesisWarning    ../src/mms/plru.sv                                                             126     1000    NA                     plru_32 -> Statement unreachable (Branch condition "32'b00000000000000000000000000010000" impossible to meet)
[29]     SYNTH_5037                                      SynthesisWarning    ../src/mms/plru.sv                                                             127     1000    NA                     plru_32 -> Statement unreachable (Branch condition "32'b00000000000000000000000000100000" impossible to meet)
[2A]     SYNTH_5037                                      SynthesisWarning    ../src/mms/plru.sv                                                             128     1000    NA                     plru_32 -> Statement unreachable (Branch condition "32'b00000000000000000000000001000000" impossible to meet)
[2B]     SYNTH_5037                                      SynthesisWarning    ../src/mms/plru.sv                                                             129     1000    NA                     plru_32 -> Statement unreachable (Branch condition "32'b00000000000000000000000010000000" impossible to meet)
[2C]     SYNTH_5037                                      SynthesisWarning    ../src/mms/plru.sv                                                             130     1000    NA                     plru_32 -> Statement unreachable (Branch condition "32'b00000000000000000000000100000000" impossible to meet)
[2D]     SYNTH_5037                                      SynthesisWarning    ../src/mms/plru.sv                                                             131     1000    NA                     plru_32 -> Statement unreachable (Branch condition "32'b00000000000000000000001000000000" impossible to meet)
[2E]     SYNTH_5037                                      SynthesisWarning    ../src/mms/plru.sv                                                             132     1000    NA                     plru_32 -> Statement unreachable (Branch condition "32'b00000000000000000000010000000000" impossible to meet)
[1]      ElabSummary             ElabSummary             Info                ./spyglass-1/lint/lint_turbo_rtl/spyglass_reports/SpyGlass/elab_summary.rpt    0       2       NA                     Please refer file './spyglass-1/lint/lint_turbo_rtl/spyglass_reports/SpyGlass/elab_summary.rpt' for elab summary report
[0]      TurboModeStatus         TurboModeStatus         Info                N.A.                                                                           0       10      NA                     Turbo-Mode is enabled in the current run as turbo_struct license feature successfully checked out
+++++++++++++++++++++++++++++++++++++++++++++++++++++++++++++++++++++++++++++++++++++++++++++++++++++++++++++++++++++++


############### Non-BuiltIn -> Goal=lint/lint_turbo_rtl ###############
++++++++++++++++++++++++++++++++++++++++++++++++++++++++++++++++++++++++++++++++++++++++++++++++++++++++++++++++++++++++
ID       Rule        Alias                 Severity    File                                                                             Line    Wt    Secondary Msg Count    Message
========================================================================================================================
[52]     CombLoop    (OpenMORE 5.5.3.1)    Error       ../src/mms/plru.sv                                                               2       10    31                     Detected 31 CombLoop occurrence(s) of same module 'plru_32', Please refer to the spreadsheet for details
[23]     W263                              Warning     ../src/mms/plru.sv                                                               121     5     32                     '32' case label width does not match case selector width of module 'plru_32' at line '121'
[53]     CombLoop    (OpenMORE 5.5.3.1)    Info        ./spyglass-1/lint/lint_turbo_rtl/spyglass_reports/openmore/CombLoopReport.rpt    0       10    NA                     Please refer to 'CombLoopReport.rpt' for complete combinational loops
+++++++++++++++++++++++++++++++++++++++++++++++++++++++++++++++++++++++++++++++++++++++++++++++++++++++++++++++++++++++
