
################################################################################
#
# This file has been generated by SpyGlass:
#     Report Name      : no_msg_reporting_rules
#     Report Created by: icvm
#     Report Created on:  Fri Dec  6 02:19:12 2024
#     Working Directory: /home/icvm/my_prj/risXv/spyglass
#     SpyGlass Version : SpyGlass_vT-2022.06-1
#     Policy Name      : SpyGlass(SpyGlass_vT-2022.06-1)
#                        clock-reset(SpyGlass_vT-2022.06-1)
#                        erc(SpyGlass_vT-2022.06-1)
#                        latch(SpyGlass_vT-2022.06-1)
#                        lint(SpyGlass_vT-2022.06-1)
#                        morelint(SpyGlass_vT-2022.06-1)
#                        openmore(SpyGlass_vT-2022.06-1)
#                        power_est(SpyGlass_vT-2022.06-1)
#                        simulation(SpyGlass_vT-2022.06-1)
#                        starc(SpyGlass_vT-2022.06-1)
#                        starc2005(SpyGlass_vT-2022.06-1)
#                        txv(SpyGlass_vT-2022.06-1)
#
#     Total Number of Generated Messages :         16
#     Number of Waived Messages          :          0
#     Number of Reported Messages        :         16
#     Number of Overlimit Messages       :          0
#
#
################################################################################

NO VIOLATION RULE REPORT :
++++++++++++++++++++++++++++++++++++++++++++++++++++++++++++++++++++++++++++++++

Following rules did not produce any violation or waived off during spyglass run

++++++++++++++++++++++++++++++++++++++++++++++++++++++++++++++++++++++++++++++++


================================================================================
	INDEX                                   RULE-NAME
================================================================================
	1                                  BlockHeader
	2                                  BufClock
	3                                  CheckDelayTimescale-ML
	4                                  LatchFeedback
	5                                  NoAssignX-ML
	6                                  NoXInCase-ML
	7                                  ParamWidthMismatch-ML
	8                                  STARC05-1.2.1.2
	9                                  STARC05-2.1.3.1
	10                                 STARC05-2.1.4.5
	11                                 STARC05-2.1.5.3
	12                                 STARC05-2.1.6.5
	13                                 STARC05-2.10.1.4a
	14                                 STARC05-2.10.1.4b
	15                                 STARC05-2.10.2.3
	16                                 STARC05-2.10.3.2a
	17                                 STARC05-2.11.3.1
	18                                 STARC05-2.2.3.3
	19                                 STARC05-2.3.1.2c
	20                                 STARC05-2.3.1.5b
	21                                 STARC05-2.3.1.6
	22                                 STARC05-2.3.3.1
	23                                 STARC05-2.3.4.1v
	24                                 STARC05-2.4.1.5
	25                                 STARC05-2.5.1.2
	26                                 STARC05-2.5.1.7
	27                                 STARC05-2.5.1.9
	28                                 UndrivenInTerm-ML
	29                                 W110
	30                                 W110a
	31                                 W116
	32                                 W122
	33                                 W123
	34                                 W156
	35                                 W19
	36                                 W215
	37                                 W216
	38                                 W218
	39                                 W224
	40                                 W240
	41                                 W287a
	42                                 W287b
	43                                 W289
	44                                 W292
	45                                 W293
	46                                 W317
	47                                 W336
	48                                 W337
	49                                 W339a
	50                                 W352
	51                                 W362
	52                                 W392
	53                                 W398
	54                                 W414
	55                                 W415
	56                                 W415a
	57                                 W416
	58                                 W421
	59                                 W422
	60                                 W424
	61                                 W426
	62                                 W442a
	63                                 W442b
	64                                 W442c
	65                                 W442f
	66                                 W450L
	67                                 W467
	68                                 W480
	69                                 W481a
	70                                 W481b
	71                                 W486
	72                                 W496a
	73                                 W496b
	74                                 W499
	75                                 W502
	76                                 W505
	77                                 W528
	78                                 W66
	79                                 W71
	80                                 badimplicitSM1
	81                                 badimplicitSM2
	82                                 badimplicitSM4
	83                                 bothedges
	84                                 mixedsenselist
	85                                 sim_race02
================================================================================
